Using pre-set license
Built from '2021.2/staging' branch; Version is '2021.2.4f1 (99ba6aa4c552) revision 10074730'; Using compiler version '192829333'; Build Type 'Release'
OS: 'Windows 10 Home; OS build 19042.1348; Version 2009; 64bit' Language: 'fr' Physical Memory: 16225 MB
BatchMode: 1, IsHumanControllingUs: 0, StartBugReporterOnCrash: 0, Is64bit: 1, IsPro: 0

COMMAND LINE ARGUMENTS:
C:\Program Files\Unity 2021.2.4f1\Editor\Unity.exe
-adb2
-batchMode
-noUpm
-name
AssetImportWorker0
-projectPath
C:/Users/Hoareau/My project
-logFile
Logs/AssetImportWorker0.log
-srvPort
62953
Successfully changed project path to: C:/Users/Hoareau/My project
C:/Users/Hoareau/My project
[UnityMemory] Configuration Parameters - Can be set up in boot.config
    "memorysetup-bucket-allocator-granularity=16"
    "memorysetup-bucket-allocator-bucket-count=8"
    "memorysetup-bucket-allocator-block-size=33554432"
    "memorysetup-bucket-allocator-block-count=8"
    "memorysetup-main-allocator-block-size=16777216"
    "memorysetup-thread-allocator-block-size=16777216"
    "memorysetup-gfx-main-allocator-block-size=16777216"
    "memorysetup-gfx-thread-allocator-block-size=16777216"
    "memorysetup-cache-allocator-block-size=4194304"
    "memorysetup-typetree-allocator-block-size=2097152"
    "memorysetup-profiler-bucket-allocator-granularity=16"
    "memorysetup-profiler-bucket-allocator-bucket-count=8"
    "memorysetup-profiler-bucket-allocator-block-size=33554432"
    "memorysetup-profiler-bucket-allocator-block-count=8"
    "memorysetup-profiler-allocator-block-size=16777216"
    "memorysetup-profiler-editor-allocator-block-size=1048576"
    "memorysetup-temp-allocator-size-main=16777216"
    "memorysetup-job-temp-allocator-block-size=2097152"
    "memorysetup-job-temp-allocator-block-size-background=1048576"
    "memorysetup-job-temp-allocator-reduction-small-platforms=262144"
    "memorysetup-temp-allocator-size-background-worker=32768"
    "memorysetup-temp-allocator-size-job-worker=262144"
    "memorysetup-temp-allocator-size-preload-manager=33554432"
    "memorysetup-temp-allocator-size-nav-mesh-worker=65536"
    "memorysetup-temp-allocator-size-audio-worker=65536"
    "memorysetup-temp-allocator-size-cloud-worker=32768"
    "memorysetup-temp-allocator-size-gi-baking-worker=262144"
    "memorysetup-temp-allocator-size-gfx=262144"
Refreshing native plugins compatible for Editor in 106.93 ms, found 4 plugins.
Preloading 0 native plugins for Editor in 0.00 ms.
Initialize engine version: 2021.2.4f1 (99ba6aa4c552)
[Subsystems] Discovering subsystems at path C:/Program Files/Unity 2021.2.4f1/Editor/Data/Resources/UnitySubsystems
[Subsystems] Discovering subsystems at path C:/Users/Hoareau/My project/Assets
GfxDevice: creating device client; threaded=0; jobified=0
Direct3D:
    Version:  Direct3D 11.0 [level 11.1]
    Renderer: NVIDIA GeForce GTX 1660 Ti (ID=0x2191)
    Vendor:   NVIDIA
    VRAM:     5991 MB
    Driver:   30.0.14.9676
Initialize mono
Mono path[0] = 'C:/Program Files/Unity 2021.2.4f1/Editor/Data/Managed'
Mono path[1] = 'C:/Program Files/Unity 2021.2.4f1/Editor/Data/MonoBleedingEdge/lib/mono/unityjit-win32'
Mono config path = 'C:/Program Files/Unity 2021.2.4f1/Editor/Data/MonoBleedingEdge/etc'
Using monoOptions --debugger-agent=transport=dt_socket,embedding=1,server=y,suspend=n,address=127.0.0.1:56664
Begin MonoManager ReloadAssembly
Registering precompiled unity dll's ...
Register platform support module: C:/Program Files/Unity 2021.2.4f1/Editor/Data/PlaybackEngines/WebGLSupport/UnityEditor.WebGL.Extensions.dll
Register platform support module: C:/Program Files/Unity 2021.2.4f1/Editor/Data/PlaybackEngines/WindowsStandaloneSupport/UnityEditor.WindowsStandalone.Extensions.dll
Registered in 0.063623 seconds.
Native extension for WindowsStandalone target not found
Native extension for WebGL target not found
Refreshing native plugins compatible for Editor in 100.76 ms, found 4 plugins.
Preloading 0 native plugins for Editor in 0.00 ms.
Mono: successfully reloaded assembly
- Completed reload, in  0.837 seconds
Domain Reload Profiling:
	ReloadAssembly (838ms)
		BeginReloadAssembly (97ms)
			ExecutionOrderSort (0ms)
			DisableScriptedObjects (0ms)
			BackupInstance (0ms)
			ReleaseScriptingObjects (0ms)
			CreateAndSetChildDomain (1ms)
		EndReloadAssembly (584ms)
			LoadAssemblies (99ms)
			RebuildTransferFunctionScriptingTraits (0ms)
			SetupTypeCache (158ms)
			ReleaseScriptCaches (0ms)
			RebuildScriptCaches (32ms)
			SetupLoadedEditorAssemblies (331ms)
				LogAssemblyErrors (0ms)
				InitializePlatformSupportModulesInManaged (18ms)
				SetLoadedEditorAssemblies (0ms)
				RefreshPlugins (101ms)
				BeforeProcessingInitializeOnLoad (1ms)
				ProcessInitializeOnLoadAttributes (143ms)
				ProcessInitializeOnLoadMethodAttributes (68ms)
				AfterProcessingInitializeOnLoad (0ms)
				EditorAssembliesLoaded (0ms)
			ExecutionOrderSort2 (0ms)
			AwakeInstancesAfterBackupRestoration (0ms)
Platform modules already initialized, skipping
Registering precompiled user dll's ...
Registered in 0.010216 seconds.
Begin MonoManager ReloadAssembly
Symbol file LoadedFromMemory doesn't match image C:\Users\Hoareau\My project\Library\PackageCache\com.unity.visualscripting@1.7.5\Editor\VisualScripting.Core\Dependencies\YamlDotNet\Unity.VisualScripting.YamlDotNet.dll
Symbol file LoadedFromMemory doesn't match image C:\Users\Hoareau\My project\Library\PackageCache\com.unity.visualscripting@1.7.5\Editor\VisualScripting.Core\Dependencies\DotNetZip\Unity.VisualScripting.IonicZip.dll
Native extension for WindowsStandalone target not found
Native extension for WebGL target not found
Refreshing native plugins compatible for Editor in 111.89 ms, found 4 plugins.
Preloading 0 native plugins for Editor in 0.00 ms.
Mono: successfully reloaded assembly
- Completed reload, in  2.012 seconds
Domain Reload Profiling:
	ReloadAssembly (2013ms)
		BeginReloadAssembly (227ms)
			ExecutionOrderSort (0ms)
			DisableScriptedObjects (7ms)
			BackupInstance (0ms)
			ReleaseScriptingObjects (0ms)
			CreateAndSetChildDomain (26ms)
		EndReloadAssembly (1647ms)
			LoadAssemblies (109ms)
			RebuildTransferFunctionScriptingTraits (0ms)
			SetupTypeCache (286ms)
			ReleaseScriptCaches (1ms)
			RebuildScriptCaches (76ms)
			SetupLoadedEditorAssemblies (1042ms)
				LogAssemblyErrors (0ms)
				InitializePlatformSupportModulesInManaged (15ms)
				SetLoadedEditorAssemblies (0ms)
				RefreshPlugins (112ms)
				BeforeProcessingInitializeOnLoad (119ms)
				ProcessInitializeOnLoadAttributes (749ms)
				ProcessInitializeOnLoadMethodAttributes (37ms)
				AfterProcessingInitializeOnLoad (9ms)
				EditorAssembliesLoaded (0ms)
			ExecutionOrderSort2 (0ms)
			AwakeInstancesAfterBackupRestoration (10ms)
Platform modules already initialized, skipping
========================================================================
Worker process is ready to serve import requests
Launched and connected shader compiler UnityShaderCompiler.exe after 0.08 seconds
Refreshing native plugins compatible for Editor in 1.38 ms, found 4 plugins.
Preloading 0 native plugins for Editor in 0.00 ms.
Unloading 3896 Unused Serialized files (Serialized files now loaded: 0)
Unloading 43 unused Assets / (224.0 KB). Loaded Objects now: 4345.
Memory consumption went from 149.1 MB to 148.9 MB.
Total: 4.399400 ms (FindLiveObjects: 0.368000 ms CreateObjectMapping: 0.274500 ms MarkObjects: 3.581900 ms  DeleteObjects: 0.173600 ms)

AssetImportParameters requested are different than current active one (requested -> active):
  custom:video-decoder-ogg-theora: a1e56fd34408186e4bbccfd4996cb3dc -> 
  custom:container-muxer-webm: aa71ff27fc2769a1b78a27578f13a17b -> 
  custom:container-demuxer-webm: 4f35f7cbe854078d1ac9338744f61a02 -> 
  custom:video-encoder-webm-vp8: eb34c28f22e8b96e1ab97ce403110664 -> 
  custom:audio-encoder-webm-vorbis: bf7c407c2cedff20999df2af8eb42d56 -> 
  custom:framework-win-MediaFoundation: 216162199b28c13a410421893ffa2e32 -> 
  custom:container-demuxer-ogg: 62fdf1f143b41e24485cea50d1cbac27 -> 
  custom:video-decoder-webm-vp8: 9c59270c3fd7afecdb556c50c9e8de78 -> 
  custom:audio-decoder-ogg-vorbis: bf7c407c2cedff20999df2af8eb42d56 -> 
========================================================================
Received Import Request.
  Time since last request: 354738.399005 seconds.
  path: Assets/New Folder
  artifactKey: Guid(95ef27d29e5cf114cae9197e0dd9545e) Importer(815301076,1909f56bfc062723c751e8b465ee728b)
Start importing Assets/New Folder using Guid(95ef27d29e5cf114cae9197e0dd9545e) Importer(815301076,1909f56bfc062723c751e8b465ee728b)  -> (artifact id: '43aee26954325ec3058d7faadf061cbe') in 0.011066 seconds 
========================================================================
Received Import Request.
  Time since last request: 5.925183 seconds.
  path: Assets/Scripts
  artifactKey: Guid(95ef27d29e5cf114cae9197e0dd9545e) Importer(815301076,1909f56bfc062723c751e8b465ee728b)
Start importing Assets/Scripts using Guid(95ef27d29e5cf114cae9197e0dd9545e) Importer(815301076,1909f56bfc062723c751e8b465ee728b)  -> (artifact id: 'fd33a1952b5d9311f3521249a2976805') in 0.007084 seconds 
========================================================================
Received Import Request.
  Time since last request: 0.930210 seconds.
  path: Assets
  artifactKey: Guid(00000000000000001000000000000000) Importer(815301076,1909f56bfc062723c751e8b465ee728b)
Start importing Assets using Guid(00000000000000001000000000000000) Importer(815301076,1909f56bfc062723c751e8b465ee728b)  -> (artifact id: '79842766b460edbeab6a34051e857a80') in 0.007231 seconds 
========================================================================
Received Import Request.
  Time since last request: 20.071488 seconds.
  path: Assets/Sprites
  artifactKey: Guid(7d396ebd12d11a54cb09ad279df43478) Importer(815301076,1909f56bfc062723c751e8b465ee728b)
Start importing Assets/Sprites using Guid(7d396ebd12d11a54cb09ad279df43478) Importer(815301076,1909f56bfc062723c751e8b465ee728b)  -> (artifact id: '36f3998a0dfb5e3526c13fd274aa2889') in 0.006725 seconds 
========================================================================
Received Import Request.
  Time since last request: 77.511344 seconds.
  path: Assets/Prefabl
  artifactKey: Guid(3a93605bf385147438827e05503aba9c) Importer(815301076,1909f56bfc062723c751e8b465ee728b)
Start importing Assets/Prefabl using Guid(3a93605bf385147438827e05503aba9c) Importer(815301076,1909f56bfc062723c751e8b465ee728b)  -> (artifact id: '4b1e46a9738b9c20bfdcf27493f7efb4') in 0.007295 seconds 
========================================================================
Received Import Request.
  Time since last request: 10.359573 seconds.
  path: Assets/Prefabs
  artifactKey: Guid(3a93605bf385147438827e05503aba9c) Importer(815301076,1909f56bfc062723c751e8b465ee728b)
Start importing Assets/Prefabs using Guid(3a93605bf385147438827e05503aba9c) Importer(815301076,1909f56bfc062723c751e8b465ee728b)  -> (artifact id: '809f754a1d85845f31545a57beed80e7') in 0.006201 seconds 
========================================================================
Received Import Request.
  Time since last request: 378.397901 seconds.
  path: Assets/Sprites/clouds_bg.png
  artifactKey: Guid(d8908b597a2b97841afe2262c8085f07) Importer(815301076,1909f56bfc062723c751e8b465ee728b)
Start importing Assets/Sprites/clouds_bg.png using Guid(d8908b597a2b97841afe2262c8085f07) Importer(815301076,1909f56bfc062723c751e8b465ee728b)  -> (artifact id: '9516d06d5056c975187766d17be0236a') in 0.138310 seconds 
========================================================================
Received Import Request.
  Time since last request: 0.000035 seconds.
  path: Assets/Sprites/slime_swallow.png
  artifactKey: Guid(8b7f4a7a6c2818b4898223b5cf9684b9) Importer(815301076,1909f56bfc062723c751e8b465ee728b)
Start importing Assets/Sprites/slime_swallow.png using Guid(8b7f4a7a6c2818b4898223b5cf9684b9) Importer(815301076,1909f56bfc062723c751e8b465ee728b)  -> (artifact id: '36f5e9ad8d4e79966a3c7d0a54c788d8') in 0.069339 seconds 
========================================================================
Received Import Request.
  Time since last request: 0.000042 seconds.
  path: Assets/Sprites/clouds_mg_1_lightened.png
  artifactKey: Guid(f3d041a21e2a4ed4aa75027de9f8eb31) Importer(815301076,1909f56bfc062723c751e8b465ee728b)
Start importing Assets/Sprites/clouds_mg_1_lightened.png using Guid(f3d041a21e2a4ed4aa75027de9f8eb31) Importer(815301076,1909f56bfc062723c751e8b465ee728b)  -> (artifact id: '7850b994240b5b249bf0397c12cab9a3') in 0.035773 seconds 
========================================================================
Received Import Request.
  Time since last request: 0.000042 seconds.
  path: Assets/Sprites/clouds_mg_2.png
  artifactKey: Guid(3de90a31d3af29c45b625169d9d9c599) Importer(815301076,1909f56bfc062723c751e8b465ee728b)
Start importing Assets/Sprites/clouds_mg_2.png using Guid(3de90a31d3af29c45b625169d9d9c599) Importer(815301076,1909f56bfc062723c751e8b465ee728b)  -> (artifact id: '175af7c0bedca58d93b0d66d5135a7f5') in 0.023938 seconds 
========================================================================
Received Import Request.
  Time since last request: 0.000036 seconds.
  path: Assets/Sprites/slime_idle2.png
  artifactKey: Guid(8cf14b5a8ec0f8c4f8ba7064e5384a81) Importer(815301076,1909f56bfc062723c751e8b465ee728b)
Start importing Assets/Sprites/slime_idle2.png using Guid(8cf14b5a8ec0f8c4f8ba7064e5384a81) Importer(815301076,1909f56bfc062723c751e8b465ee728b)  -> (artifact id: '4b8b81f52745a4e17c87cd0f71e8c456') in 0.046482 seconds 
========================================================================
Received Import Request.
  Time since last request: 0.000038 seconds.
  path: Assets/Sprites/slime_hit.png
  artifactKey: Guid(88e652e301435e24787e3b60ad841399) Importer(815301076,1909f56bfc062723c751e8b465ee728b)
Start importing Assets/Sprites/slime_hit.png using Guid(88e652e301435e24787e3b60ad841399) Importer(815301076,1909f56bfc062723c751e8b465ee728b)  -> (artifact id: '405e4b203865e8bd0c862a6d2f4adc1e') in 0.029351 seconds 
========================================================================
Received Import Request.
  Time since last request: 0.000032 seconds.
  path: Assets/Sprites/slime_jump.png
  artifactKey: Guid(6caba29f144337f44a95d2863b5be99d) Importer(815301076,1909f56bfc062723c751e8b465ee728b)
Start importing Assets/Sprites/slime_jump.png using Guid(6caba29f144337f44a95d2863b5be99d) Importer(815301076,1909f56bfc062723c751e8b465ee728b)  -> (artifact id: '332d03f097e106d10b827373c614dfa2') in 0.055965 seconds 
Editor requested this worker to shutdown with reason: Scaling down because of idle timeout
AssetImportWorker is now disconnected from the server
Process exiting
Exiting without the bug reporter. Application will terminate with return code 0